Using pre-set license
Built from '2022.3/staging' branch; Version is '2022.3.41f1 (0f988161febf) revision 1022081'; Using compiler version '192829333'; Build Type 'Release'
OS: 'Windows 11  (10.0.26100) 64bit Core' Language: 'en' Physical Memory: 16003 MB
BatchMode: 1, IsHumanControllingUs: 0, StartBugReporterOnCrash: 0, Is64bit: 1, IsPro: 1

COMMAND LINE ARGUMENTS:
C:\Program Files\Unity\Hub\Editor\2022.3.41f1\Editor\Unity.exe
-adb2
-batchMode
-noUpm
-name
AssetImportWorker0
-projectPath
C:/Users/ASUS/OneDrive/Documents/GitHub/REYKENJ_3DGE_ICA1/3DGE ICA1
-logFile
Logs/AssetImportWorker0.log
-srvPort
53246
Successfully changed project path to: C:/Users/ASUS/OneDrive/Documents/GitHub/REYKENJ_3DGE_ICA1/3DGE ICA1
C:/Users/ASUS/OneDrive/Documents/GitHub/REYKENJ_3DGE_ICA1/3DGE ICA1
[UnityMemory] Configuration Parameters - Can be set up in boot.config
    "memorysetup-bucket-allocator-granularity=16"
    "memorysetup-bucket-allocator-bucket-count=8"
    "memorysetup-bucket-allocator-block-size=33554432"
    "memorysetup-bucket-allocator-block-count=8"
    "memorysetup-main-allocator-block-size=16777216"
    "memorysetup-thread-allocator-block-size=16777216"
    "memorysetup-gfx-main-allocator-block-size=16777216"
    "memorysetup-gfx-thread-allocator-block-size=16777216"
    "memorysetup-cache-allocator-block-size=4194304"
    "memorysetup-typetree-allocator-block-size=2097152"
    "memorysetup-profiler-bucket-allocator-granularity=16"
    "memorysetup-profiler-bucket-allocator-bucket-count=8"
    "memorysetup-profiler-bucket-allocator-block-size=33554432"
    "memorysetup-profiler-bucket-allocator-block-count=8"
    "memorysetup-profiler-allocator-block-size=16777216"
    "memorysetup-profiler-editor-allocator-block-size=1048576"
    "memorysetup-temp-allocator-size-main=16777216"
    "memorysetup-job-temp-allocator-block-size=2097152"
    "memorysetup-job-temp-allocator-block-size-background=1048576"
    "memorysetup-job-temp-allocator-reduction-small-platforms=262144"
    "memorysetup-allocator-temp-initial-block-size-main=262144"
    "memorysetup-allocator-temp-initial-block-size-worker=262144"
    "memorysetup-temp-allocator-size-background-worker=32768"
    "memorysetup-temp-allocator-size-job-worker=262144"
    "memorysetup-temp-allocator-size-preload-manager=33554432"
    "memorysetup-temp-allocator-size-nav-mesh-worker=65536"
    "memorysetup-temp-allocator-size-audio-worker=65536"
    "memorysetup-temp-allocator-size-cloud-worker=32768"
    "memorysetup-temp-allocator-size-gi-baking-worker=262144"
    "memorysetup-temp-allocator-size-gfx=262144"
Player connection [22136]  Target information:

Player connection [22136]  * "[IP] 192.168.2.1 [Port] 0 [Flags] 2 [Guid] 2368145463 [EditorId] 2368145463 [Version] 1048832 [Id] WindowsEditor(7,LAPTOP-KHP0B76V) [Debug] 1 [PackageName] WindowsEditor [ProjectName] Editor" 

Player connection [22136]  * "[IP] 192.168.137.1 [Port] 0 [Flags] 2 [Guid] 2368145463 [EditorId] 2368145463 [Version] 1048832 [Id] WindowsEditor(7,LAPTOP-KHP0B76V) [Debug] 1 [PackageName] WindowsEditor [ProjectName] Editor" 

Player connection [22136]  * "[IP] 192.168.2.85 [Port] 0 [Flags] 2 [Guid] 2368145463 [EditorId] 2368145463 [Version] 1048832 [Id] WindowsEditor(7,LAPTOP-KHP0B76V) [Debug] 1 [PackageName] WindowsEditor [ProjectName] Editor" 

Player connection [22136] Host joined multi-casting on [225.0.0.222:54997]...
Player connection [22136] Host joined alternative multi-casting on [225.0.0.222:34997]...
[PhysX] Initialized MultithreadedTaskDispatcher with 20 workers.
Refreshing native plugins compatible for Editor in 9.60 ms, found 3 plugins.
Preloading 0 native plugins for Editor in 0.00 ms.
Initialize engine version: 2022.3.41f1 (0f988161febf)
[Subsystems] Discovering subsystems at path C:/Program Files/Unity/Hub/Editor/2022.3.41f1/Editor/Data/Resources/UnitySubsystems
[Subsystems] Discovering subsystems at path C:/Users/ASUS/OneDrive/Documents/GitHub/REYKENJ_3DGE_ICA1/3DGE ICA1/Assets
GfxDevice: creating device client; threaded=0; jobified=0
Direct3D:
    Version:  Direct3D 11.0 [level 11.1]
    Renderer: NVIDIA GeForce RTX 4060 Laptop GPU (ID=0x28e0)
    Vendor:   NVIDIA
    VRAM:     7957 MB
    Driver:   32.0.15.5597
Initialize mono
Mono path[0] = 'C:/Program Files/Unity/Hub/Editor/2022.3.41f1/Editor/Data/Managed'
Mono path[1] = 'C:/Program Files/Unity/Hub/Editor/2022.3.41f1/Editor/Data/MonoBleedingEdge/lib/mono/unityjit-win32'
Mono config path = 'C:/Program Files/Unity/Hub/Editor/2022.3.41f1/Editor/Data/MonoBleedingEdge/etc'
Using monoOptions --debugger-agent=transport=dt_socket,embedding=1,server=y,suspend=n,address=127.0.0.1:56036
Begin MonoManager ReloadAssembly
Registering precompiled unity dll's ...
Register platform support module: C:/Program Files/Unity/Hub/Editor/2022.3.41f1/Editor/Data/PlaybackEngines/WindowsStandaloneSupport/UnityEditor.WindowsStandalone.Extensions.dll
Registered in 0.005053 seconds.
- Loaded All Assemblies, in  0.243 seconds
Native extension for WindowsStandalone target not found
Mono: successfully reloaded assembly
- Finished resetting the current domain, in  0.167 seconds
Domain Reload Profiling: 409ms
	BeginReloadAssembly (78ms)
		ExecutionOrderSort (0ms)
		DisableScriptedObjects (0ms)
		BackupInstance (0ms)
		ReleaseScriptingObjects (0ms)
		CreateAndSetChildDomain (0ms)
	RebuildCommonClasses (21ms)
	RebuildNativeTypeToScriptingClass (6ms)
	initialDomainReloadingComplete (41ms)
	LoadAllAssembliesAndSetupDomain (95ms)
		LoadAssemblies (76ms)
		RebuildTransferFunctionScriptingTraits (0ms)
		AnalyzeDomain (93ms)
			TypeCache.Refresh (92ms)
				TypeCache.ScanAssembly (83ms)
			ScanForSourceGeneratedMonoScriptInfo (0ms)
			ResolveRequiredComponents (0ms)
	FinalizeReload (167ms)
		ReleaseScriptCaches (0ms)
		RebuildScriptCaches (0ms)
		SetupLoadedEditorAssemblies (138ms)
			LogAssemblyErrors (0ms)
			InitializePlatformSupportModulesInManaged (6ms)
			SetLoadedEditorAssemblies (5ms)
			RefreshPlugins (0ms)
			BeforeProcessingInitializeOnLoad (1ms)
			ProcessInitializeOnLoadAttributes (94ms)
			ProcessInitializeOnLoadMethodAttributes (31ms)
			AfterProcessingInitializeOnLoad (0ms)
			EditorAssembliesLoaded (0ms)
		ExecutionOrderSort2 (0ms)
		AwakeInstancesAfterBackupRestoration (0ms)
========================================================================
Worker process is ready to serve import requests
Caller must complete domain reload
Begin MonoManager ReloadAssembly
- Loaded All Assemblies, in  0.511 seconds
Native extension for WindowsStandalone target not found
Package Manager log level set to [2]
[Package Manager] Server::EnsureServerProcessIsRunning -- launch failed, reason: Unity was launched with the -noUpm command-line argument
[Package Manager] UpmClient::Send -- Unable to send message (not connected to UPM process).
[Package Manager] Cannot connect to Unity Package Manager local server
Mono: successfully reloaded assembly
- Finished resetting the current domain, in  0.512 seconds
Domain Reload Profiling: 1020ms
	BeginReloadAssembly (100ms)
		ExecutionOrderSort (0ms)
		DisableScriptedObjects (3ms)
		BackupInstance (0ms)
		ReleaseScriptingObjects (0ms)
		CreateAndSetChildDomain (14ms)
	RebuildCommonClasses (21ms)
	RebuildNativeTypeToScriptingClass (6ms)
	initialDomainReloadingComplete (29ms)
	LoadAllAssembliesAndSetupDomain (352ms)
		LoadAssemblies (277ms)
		RebuildTransferFunctionScriptingTraits (0ms)
		AnalyzeDomain (135ms)
			TypeCache.Refresh (111ms)
				TypeCache.ScanAssembly (98ms)
			ScanForSourceGeneratedMonoScriptInfo (16ms)
			ResolveRequiredComponents (6ms)
	FinalizeReload (512ms)
		ReleaseScriptCaches (0ms)
		RebuildScriptCaches (0ms)
		SetupLoadedEditorAssemblies (415ms)
			LogAssemblyErrors (0ms)
			InitializePlatformSupportModulesInManaged (4ms)
			SetLoadedEditorAssemblies (4ms)
			RefreshPlugins (0ms)
			BeforeProcessingInitializeOnLoad (59ms)
			ProcessInitializeOnLoadAttributes (304ms)
			ProcessInitializeOnLoadMethodAttributes (39ms)
			AfterProcessingInitializeOnLoad (6ms)
			EditorAssembliesLoaded (0ms)
		ExecutionOrderSort2 (0ms)
		AwakeInstancesAfterBackupRestoration (4ms)
Launched and connected shader compiler UnityShaderCompiler.exe after 0.05 seconds
Refreshing native plugins compatible for Editor in 3.29 ms, found 3 plugins.
Preloading 0 native plugins for Editor in 0.00 ms.
Unloading 5876 Unused Serialized files (Serialized files now loaded: 0)
Unloading 39 unused Assets / (2.1 MB). Loaded Objects now: 6334.
Memory consumption went from 243.7 MB to 241.6 MB.
Total: 3.283400 ms (FindLiveObjects: 0.279400 ms CreateObjectMapping: 0.116400 ms MarkObjects: 2.490700 ms  DeleteObjects: 0.396100 ms)

AssetImportParameters requested are different than current active one (requested -> active):
  custom:container-demuxer-ogg: 62fdf1f143b41e24485cea50d1cbac27 -> 
  custom:video-codec-MediaFoundation-h265: 746d11721c4dcdbdad8f713fa42b33f4 -> 
  custom:video-decoder-ogg-theora: a1e56fd34408186e4bbccfd4996cb3dc -> 
  custom:framework-win-MediaFoundation: 216162199b28c13a410421893ffa2e32 -> 
  custom:CustomObjectIndexerAttribute: 3ead1caaecf1c488f20bcfeb224b6af5 -> 
  custom:container-demuxer-webm: 4f35f7cbe854078d1ac9338744f61a02 -> 
  custom:container-muxer-webm: aa71ff27fc2769a1b78a27578f13a17b -> 
  custom:video-decoder-webm-vp8: 9c59270c3fd7afecdb556c50c9e8de78 -> 
  custom:SearchIndexIgnoredProperties: e643bd26f0fe6173181afceb89e7c659 -> 
  custom:AudioImporter_EditorPlatform: d09bf68614088b80899f8185d706f6e7 -> 
  custom:video-encoder-webm-vp8: eb34c28f22e8b96e1ab97ce403110664 -> 
  custom:audio-decoder-ogg-vorbis: bf7c407c2cedff20999df2af8eb42d56 -> 
  custom:audio-encoder-webm-vorbis: bf7c407c2cedff20999df2af8eb42d56 -> 
========================================================================
Received Import Request.
  Time since last request: 115903.063812 seconds.
  path: Assets/Settings
  artifactKey: Guid(709f11a7f3c4041caa4ef136ea32d874) Importer(815301076,1909f56bfc062723c751e8b465ee728b)
Start importing Assets/Settings using Guid(709f11a7f3c4041caa4ef136ea32d874) Importer(815301076,1909f56bfc062723c751e8b465ee728b) [PhysX] Initialized MultithreadedTaskDispatcher with 20 workers.
 -> (artifact id: '910559ff8801aab3d8f08fbf1481f4e7') in 0.002165 seconds
Number of updated asset objects reloaded before import = 0
Number of asset objects unloaded after import = 0
========================================================================
Received Import Request.
  Time since last request: 3.297406 seconds.
  path: Assets/Materials/New Render Texture.mat
  artifactKey: Guid(e90736cb5fc917741a04f90eae33acc4) Importer(815301076,1909f56bfc062723c751e8b465ee728b)
Start importing Assets/Materials/New Render Texture.mat using Guid(e90736cb5fc917741a04f90eae33acc4) Importer(815301076,1909f56bfc062723c751e8b465ee728b) [PhysX] Initialized MultithreadedTaskDispatcher with 20 workers.
[PhysX] Initialized MultithreadedTaskDispatcher with 20 workers.
 -> (artifact id: '9fdc2a52a98a36c15159d9e60e042166') in 0.224169 seconds
Number of updated asset objects reloaded before import = 0
Number of asset objects unloaded after import = 21
========================================================================
Received Import Request.
  Time since last request: 171.435580 seconds.
  path: Assets/MentalDreamsAssets
  artifactKey: Guid(c28dadd5619dfcb47b7ff52deda0e927) Importer(815301076,1909f56bfc062723c751e8b465ee728b)
Start importing Assets/MentalDreamsAssets using Guid(c28dadd5619dfcb47b7ff52deda0e927) Importer(815301076,1909f56bfc062723c751e8b465ee728b) [PhysX] Initialized MultithreadedTaskDispatcher with 20 workers.
 -> (artifact id: '96209121122aa428a64148ddd76a36a5') in 0.000536 seconds
Number of updated asset objects reloaded before import = 0
Number of asset objects unloaded after import = 0
========================================================================
Received Import Request.
  Time since last request: 1.550709 seconds.
  path: Assets/MentalDreamsAssets/BarrelPack
  artifactKey: Guid(652f2c76f865b95419a679498cd6ce53) Importer(815301076,1909f56bfc062723c751e8b465ee728b)
Start importing Assets/MentalDreamsAssets/BarrelPack using Guid(652f2c76f865b95419a679498cd6ce53) Importer(815301076,1909f56bfc062723c751e8b465ee728b) [PhysX] Initialized MultithreadedTaskDispatcher with 20 workers.
 -> (artifact id: 'cd91be3ffd8ca32bad69ce6357c4dd6c') in 0.000504 seconds
Number of updated asset objects reloaded before import = 0
Number of asset objects unloaded after import = 0
========================================================================
Received Import Request.
  Time since last request: 1.153621 seconds.
  path: Assets/MentalDreamsAssets/BarrelPack/Materials
  artifactKey: Guid(d54cc1ddfd819884b9880cb8c3a626d4) Importer(815301076,1909f56bfc062723c751e8b465ee728b)
Start importing Assets/MentalDreamsAssets/BarrelPack/Materials using Guid(d54cc1ddfd819884b9880cb8c3a626d4) Importer(815301076,1909f56bfc062723c751e8b465ee728b) [PhysX] Initialized MultithreadedTaskDispatcher with 20 workers.
 -> (artifact id: 'c9f88face5b32c1ea314903a4feec606') in 0.000453 seconds
Number of updated asset objects reloaded before import = 0
Number of asset objects unloaded after import = 0
========================================================================
Received Import Request.
  Time since last request: 0.558565 seconds.
  path: Assets/MentalDreamsAssets/BarrelPack/Mesh
  artifactKey: Guid(44127385ea8ba6747a3fbaf3b3511222) Importer(815301076,1909f56bfc062723c751e8b465ee728b)
Start importing Assets/MentalDreamsAssets/BarrelPack/Mesh using Guid(44127385ea8ba6747a3fbaf3b3511222) Importer(815301076,1909f56bfc062723c751e8b465ee728b) [PhysX] Initialized MultithreadedTaskDispatcher with 20 workers.
 -> (artifact id: 'a57ac45ca03e616c6a4e6844c4c67370') in 0.000451 seconds
Number of updated asset objects reloaded before import = 0
Number of asset objects unloaded after import = 0
========================================================================
Received Import Request.
  Time since last request: 1.988199 seconds.
  path: Assets/MentalDreamsAssets/BarrelPack/Materials/AirLock_1.cubemap
  artifactKey: Guid(559a41152e25c4e098ad879da2a5053a) Importer(815301076,1909f56bfc062723c751e8b465ee728b)
Start importing Assets/MentalDreamsAssets/BarrelPack/Materials/AirLock_1.cubemap using Guid(559a41152e25c4e098ad879da2a5053a) Importer(815301076,1909f56bfc062723c751e8b465ee728b) [PhysX] Initialized MultithreadedTaskDispatcher with 20 workers.
[PhysX] Initialized MultithreadedTaskDispatcher with 20 workers.
[PhysX] Initialized MultithreadedTaskDispatcher with 20 workers.
 -> (artifact id: 'c08191427c19a0d5c84ec664bd9375d7') in 0.024485 seconds
Number of updated asset objects reloaded before import = 0
Number of asset objects unloaded after import = 2
========================================================================
Received Import Request.
  Time since last request: 0.004990 seconds.
  path: Assets/MentalDreamsAssets/BarrelPack/Materials/Barrel02_Diffulse.jpg
  artifactKey: Guid(c4de480c28a70e14a9e12347777da41e) Importer(815301076,1909f56bfc062723c751e8b465ee728b)
Start importing Assets/MentalDreamsAssets/BarrelPack/Materials/Barrel02_Diffulse.jpg using Guid(c4de480c28a70e14a9e12347777da41e) Importer(815301076,1909f56bfc062723c751e8b465ee728b) [PhysX] Initialized MultithreadedTaskDispatcher with 20 workers.
[PhysX] Initialized MultithreadedTaskDispatcher with 20 workers.
 -> (artifact id: '4a02a6695d7b72bc4573c01c6b3216aa') in 0.013039 seconds
Number of updated asset objects reloaded before import = 0
Number of asset objects unloaded after import = 2
========================================================================
Received Import Request.
  Time since last request: 0.000029 seconds.
  path: Assets/MentalDreamsAssets/BarrelPack/Materials/Barrel02_Diffulse.mat
  artifactKey: Guid(8637ece8ae31558489f90d9edd72b7e2) Importer(815301076,1909f56bfc062723c751e8b465ee728b)
Start importing Assets/MentalDreamsAssets/BarrelPack/Materials/Barrel02_Diffulse.mat using Guid(8637ece8ae31558489f90d9edd72b7e2) Importer(815301076,1909f56bfc062723c751e8b465ee728b) [PhysX] Initialized MultithreadedTaskDispatcher with 20 workers.
[PhysX] Initialized MultithreadedTaskDispatcher with 20 workers.
 -> (artifact id: 'a89b58adee7e04c07408252cf98651a3') in 0.068704 seconds
Number of updated asset objects reloaded before import = 0
Number of asset objects unloaded after import = 5
========================================================================
Received Import Request.
  Time since last request: 0.000021 seconds.
  path: Assets/MentalDreamsAssets/BarrelPack/Materials/Barrel03_Norm.jpg
  artifactKey: Guid(cc739b672deed25439dd501fd44c14f3) Importer(815301076,1909f56bfc062723c751e8b465ee728b)
Start importing Assets/MentalDreamsAssets/BarrelPack/Materials/Barrel03_Norm.jpg using Guid(cc739b672deed25439dd501fd44c14f3) Importer(815301076,1909f56bfc062723c751e8b465ee728b) [PhysX] Initialized MultithreadedTaskDispatcher with 20 workers.
[PhysX] Initialized MultithreadedTaskDispatcher with 20 workers.
 -> (artifact id: 'a8168422722e6b6334ee3ac97ba2410c') in 0.013555 seconds
Number of updated asset objects reloaded before import = 0
Number of asset objects unloaded after import = 2
========================================================================
Received Import Request.
  Time since last request: 0.000024 seconds.
  path: Assets/MentalDreamsAssets/BarrelPack/Materials/Barrel02_Norm.jpg
  artifactKey: Guid(87ee70a6965156c43b303248751d4032) Importer(815301076,1909f56bfc062723c751e8b465ee728b)
Start importing Assets/MentalDreamsAssets/BarrelPack/Materials/Barrel02_Norm.jpg using Guid(87ee70a6965156c43b303248751d4032) Importer(815301076,1909f56bfc062723c751e8b465ee728b) [PhysX] Initialized MultithreadedTaskDispatcher with 20 workers.
[PhysX] Initialized MultithreadedTaskDispatcher with 20 workers.
 -> (artifact id: '53b402453007f63ecb1ddc34cfd2294d') in 0.006957 seconds
Number of updated asset objects reloaded before import = 0
Number of asset objects unloaded after import = 2
========================================================================
Received Import Request.
  Time since last request: 0.000022 seconds.
  path: Assets/MentalDreamsAssets/BarrelPack/Materials/ground_norm.jpg
  artifactKey: Guid(a1debc69a017cd24da333bd6e5f07f7e) Importer(815301076,1909f56bfc062723c751e8b465ee728b)
Start importing Assets/MentalDreamsAssets/BarrelPack/Materials/ground_norm.jpg using Guid(a1debc69a017cd24da333bd6e5f07f7e) Importer(815301076,1909f56bfc062723c751e8b465ee728b) [PhysX] Initialized MultithreadedTaskDispatcher with 20 workers.
[PhysX] Initialized MultithreadedTaskDispatcher with 20 workers.
 -> (artifact id: '70149319e0e36df96526c5711fbb8d65') in 0.010231 seconds
Number of updated asset objects reloaded before import = 0
Number of asset objects unloaded after import = 2
========================================================================
Received Import Request.
  Time since last request: 0.000036 seconds.
  path: Assets/MentalDreamsAssets/BarrelPack/Materials/Ground.mat
  artifactKey: Guid(6029fa28a1698054a9b4166504487b6b) Importer(815301076,1909f56bfc062723c751e8b465ee728b)
Start importing Assets/MentalDreamsAssets/BarrelPack/Materials/Ground.mat using Guid(6029fa28a1698054a9b4166504487b6b) Importer(815301076,1909f56bfc062723c751e8b465ee728b) [PhysX] Initialized MultithreadedTaskDispatcher with 20 workers.
[PhysX] Initialized MultithreadedTaskDispatcher with 20 workers.
 -> (artifact id: '401f5d35367ad042f6417376c722a310') in 0.013633 seconds
Number of updated asset objects reloaded before import = 0
Number of asset objects unloaded after import = 5
========================================================================
Received Import Request.
  Time since last request: 0.000067 seconds.
  path: Assets/MentalDreamsAssets/BarrelPack/Materials/Barrel01_Specular.jpg
  artifactKey: Guid(9ffb1b952121c9c4c917f0f6deffed6f) Importer(815301076,1909f56bfc062723c751e8b465ee728b)
Start importing Assets/MentalDreamsAssets/BarrelPack/Materials/Barrel01_Specular.jpg using Guid(9ffb1b952121c9c4c917f0f6deffed6f) Importer(815301076,1909f56bfc062723c751e8b465ee728b) [PhysX] Initialized MultithreadedTaskDispatcher with 20 workers.
[PhysX] Initialized MultithreadedTaskDispatcher with 20 workers.
 -> (artifact id: 'a22d7e6f00a5d03057db5d29cf9d951a') in 0.010426 seconds
Number of updated asset objects reloaded before import = 0
Number of asset objects unloaded after import = 2
========================================================================
Received Import Request.
  Time since last request: 1.991103 seconds.
  path: Assets/MentalDreamsAssets/BarrelPack/Mesh/Barrels.FBX
  artifactKey: Guid(3f7bad666c7454b4cbf391ddbc7454a1) Importer(815301076,1909f56bfc062723c751e8b465ee728b)
Start importing Assets/MentalDreamsAssets/BarrelPack/Mesh/Barrels.FBX using Guid(3f7bad666c7454b4cbf391ddbc7454a1) Importer(815301076,1909f56bfc062723c751e8b465ee728b) [PhysX] Initialized MultithreadedTaskDispatcher with 20 workers.
[PhysX] Initialized MultithreadedTaskDispatcher with 20 workers.
[PhysX] Initialized MultithreadedTaskDispatcher with 20 workers.
 -> (artifact id: 'a12774a7d0f93954b35e47b577cb3ba6') in 0.073125 seconds
Number of updated asset objects reloaded before import = 0
Number of asset objects unloaded after import = 15
Editor requested this worker to shutdown with reason: Scaling down because of idle timeout
TcpMessagingSession - receive error: operation aborted. errorcode: 995, details: The I/O operation has been aborted because of either a thread exit or an application request.
AssetImportWorker is now disconnected from the server
Process exiting
Exiting without the bug reporter. Application will terminate with return code 0